<?xml version="1.0" encoding="UTF-8"?>
<testsuite xmlns:xsi="http://www.w3.org/2001/XMLSchema-instance" xsi:noNamespaceSchemaLocation="https://maven.apache.org/surefire/maven-surefire-plugin/xsd/surefire-test-report.xsd" name="com.wq.officeInitialSpringBot.OfficeInitialSpringBotApplicationTests" time="3.04" tests="1" errors="0" skipped="0" failures="0">
  <properties>
    <property name="sun.desktop" value="windows"/>
    <property name="awt.toolkit" value="sun.awt.windows.WToolkit"/>
    <property name="java.specification.version" value="11"/>
    <property name="sun.cpu.isalist" value="amd64"/>
    <property name="sun.jnu.encoding" value="GBK"/>
    <property name="java.class.path" value="D:\IDEA\workspace\officeInitialSpringBot\target\test-classes;D:\IDEA\workspace\officeInitialSpringBot\target\classes;D:\IDEA\IntelliJ IDEA 2019.2.4\plugins\maven\lib\maven3\repository\org\springframework\boot\spring-boot-starter-web\2.2.4.RELEASE\spring-boot-starter-web-2.2.4.RELEASE.jar;D:\IDEA\IntelliJ IDEA 2019.2.4\plugins\maven\lib\maven3\repository\org\springframework\boot\spring-boot-starter\2.2.4.RELEASE\spring-boot-starter-2.2.4.RELEASE.jar;D:\IDEA\IntelliJ IDEA 2019.2.4\plugins\maven\lib\maven3\repository\org\springframework\boot\spring-boot\2.2.4.RELEASE\spring-boot-2.2.4.RELEASE.jar;D:\IDEA\IntelliJ IDEA 2019.2.4\plugins\maven\lib\maven3\repository\org\springframework\boot\spring-boot-autoconfigure\2.2.4.RELEASE\spring-boot-autoconfigure-2.2.4.RELEASE.jar;D:\IDEA\IntelliJ IDEA 2019.2.4\plugins\maven\lib\maven3\repository\org\springframework\boot\spring-boot-starter-logging\2.2.4.RELEASE\spring-boot-starter-logging-2.2.4.RELEASE.jar;D:\IDEA\IntelliJ IDEA 2019.2.4\plugins\maven\lib\maven3\repository\ch\qos\logback\logback-classic\1.2.3\logback-classic-1.2.3.jar;D:\IDEA\IntelliJ IDEA 2019.2.4\plugins\maven\lib\maven3\repository\ch\qos\logback\logback-core\1.2.3\logback-core-1.2.3.jar;D:\IDEA\IntelliJ IDEA 2019.2.4\plugins\maven\lib\maven3\repository\org\apache\logging\log4j\log4j-to-slf4j\2.12.1\log4j-to-slf4j-2.12.1.jar;D:\IDEA\IntelliJ IDEA 2019.2.4\plugins\maven\lib\maven3\repository\org\apache\logging\log4j\log4j-api\2.12.1\log4j-api-2.12.1.jar;D:\IDEA\IntelliJ IDEA 2019.2.4\plugins\maven\lib\maven3\repository\org\slf4j\jul-to-slf4j\1.7.30\jul-to-slf4j-1.7.30.jar;D:\IDEA\IntelliJ IDEA 2019.2.4\plugins\maven\lib\maven3\repository\jakarta\annotation\jakarta.annotation-api\1.3.5\jakarta.annotation-api-1.3.5.jar;D:\IDEA\IntelliJ IDEA 2019.2.4\plugins\maven\lib\maven3\repository\org\yaml\snakeyaml\1.25\snakeyaml-1.25.jar;D:\IDEA\IntelliJ IDEA 2019.2.4\plugins\maven\lib\maven3\repository\org\springframework\boot\spring-boot-starter-json\2.2.4.RELEASE\spring-boot-starter-json-2.2.4.RELEASE.jar;D:\IDEA\IntelliJ IDEA 2019.2.4\plugins\maven\lib\maven3\repository\com\fasterxml\jackson\core\jackson-databind\2.10.2\jackson-databind-2.10.2.jar;D:\IDEA\IntelliJ IDEA 2019.2.4\plugins\maven\lib\maven3\repository\com\fasterxml\jackson\core\jackson-annotations\2.10.2\jackson-annotations-2.10.2.jar;D:\IDEA\IntelliJ IDEA 2019.2.4\plugins\maven\lib\maven3\repository\com\fasterxml\jackson\core\jackson-core\2.10.2\jackson-core-2.10.2.jar;D:\IDEA\IntelliJ IDEA 2019.2.4\plugins\maven\lib\maven3\repository\com\fasterxml\jackson\datatype\jackson-datatype-jdk8\2.10.2\jackson-datatype-jdk8-2.10.2.jar;D:\IDEA\IntelliJ IDEA 2019.2.4\plugins\maven\lib\maven3\repository\com\fasterxml\jackson\datatype\jackson-datatype-jsr310\2.10.2\jackson-datatype-jsr310-2.10.2.jar;D:\IDEA\IntelliJ IDEA 2019.2.4\plugins\maven\lib\maven3\repository\com\fasterxml\jackson\module\jackson-module-parameter-names\2.10.2\jackson-module-parameter-names-2.10.2.jar;D:\IDEA\IntelliJ IDEA 2019.2.4\plugins\maven\lib\maven3\repository\org\springframework\boot\spring-boot-starter-tomcat\2.2.4.RELEASE\spring-boot-starter-tomcat-2.2.4.RELEASE.jar;D:\IDEA\IntelliJ IDEA 2019.2.4\plugins\maven\lib\maven3\repository\org\apache\tomcat\embed\tomcat-embed-core\9.0.30\tomcat-embed-core-9.0.30.jar;D:\IDEA\IntelliJ IDEA 2019.2.4\plugins\maven\lib\maven3\repository\org\apache\tomcat\embed\tomcat-embed-el\9.0.30\tomcat-embed-el-9.0.30.jar;D:\IDEA\IntelliJ IDEA 2019.2.4\plugins\maven\lib\maven3\repository\org\apache\tomcat\embed\tomcat-embed-websocket\9.0.30\tomcat-embed-websocket-9.0.30.jar;D:\IDEA\IntelliJ IDEA 2019.2.4\plugins\maven\lib\maven3\repository\org\springframework\boot\spring-boot-starter-validation\2.2.4.RELEASE\spring-boot-starter-validation-2.2.4.RELEASE.jar;D:\IDEA\IntelliJ IDEA 2019.2.4\plugins\maven\lib\maven3\repository\jakarta\validation\jakarta.validation-api\2.0.2\jakarta.validation-api-2.0.2.jar;D:\IDEA\IntelliJ IDEA 2019.2.4\plugins\maven\lib\maven3\repository\org\hibernate\validator\hibernate-validator\6.0.18.Final\hibernate-validator-6.0.18.Final.jar;D:\IDEA\IntelliJ IDEA 2019.2.4\plugins\maven\lib\maven3\repository\org\jboss\logging\jboss-logging\3.4.1.Final\jboss-logging-3.4.1.Final.jar;D:\IDEA\IntelliJ IDEA 2019.2.4\plugins\maven\lib\maven3\repository\com\fasterxml\classmate\1.5.1\classmate-1.5.1.jar;D:\IDEA\IntelliJ IDEA 2019.2.4\plugins\maven\lib\maven3\repository\org\springframework\spring-web\5.2.3.RELEASE\spring-web-5.2.3.RELEASE.jar;D:\IDEA\IntelliJ IDEA 2019.2.4\plugins\maven\lib\maven3\repository\org\springframework\spring-beans\5.2.3.RELEASE\spring-beans-5.2.3.RELEASE.jar;D:\IDEA\IntelliJ IDEA 2019.2.4\plugins\maven\lib\maven3\repository\org\springframework\spring-webmvc\5.2.3.RELEASE\spring-webmvc-5.2.3.RELEASE.jar;D:\IDEA\IntelliJ IDEA 2019.2.4\plugins\maven\lib\maven3\repository\org\springframework\spring-aop\5.2.3.RELEASE\spring-aop-5.2.3.RELEASE.jar;D:\IDEA\IntelliJ IDEA 2019.2.4\plugins\maven\lib\maven3\repository\org\springframework\spring-context\5.2.3.RELEASE\spring-context-5.2.3.RELEASE.jar;D:\IDEA\IntelliJ IDEA 2019.2.4\plugins\maven\lib\maven3\repository\org\springframework\spring-expression\5.2.3.RELEASE\spring-expression-5.2.3.RELEASE.jar;D:\IDEA\IntelliJ IDEA 2019.2.4\plugins\maven\lib\maven3\repository\org\springframework\boot\spring-boot-starter-test\2.2.4.RELEASE\spring-boot-starter-test-2.2.4.RELEASE.jar;D:\IDEA\IntelliJ IDEA 2019.2.4\plugins\maven\lib\maven3\repository\org\springframework\boot\spring-boot-test\2.2.4.RELEASE\spring-boot-test-2.2.4.RELEASE.jar;D:\IDEA\IntelliJ IDEA 2019.2.4\plugins\maven\lib\maven3\repository\org\springframework\boot\spring-boot-test-autoconfigure\2.2.4.RELEASE\spring-boot-test-autoconfigure-2.2.4.RELEASE.jar;D:\IDEA\IntelliJ IDEA 2019.2.4\plugins\maven\lib\maven3\repository\com\jayway\jsonpath\json-path\2.4.0\json-path-2.4.0.jar;D:\IDEA\IntelliJ IDEA 2019.2.4\plugins\maven\lib\maven3\repository\net\minidev\json-smart\2.3\json-smart-2.3.jar;D:\IDEA\IntelliJ IDEA 2019.2.4\plugins\maven\lib\maven3\repository\net\minidev\accessors-smart\1.2\accessors-smart-1.2.jar;D:\IDEA\IntelliJ IDEA 2019.2.4\plugins\maven\lib\maven3\repository\org\ow2\asm\asm\5.0.4\asm-5.0.4.jar;D:\IDEA\IntelliJ IDEA 2019.2.4\plugins\maven\lib\maven3\repository\org\slf4j\slf4j-api\1.7.30\slf4j-api-1.7.30.jar;D:\IDEA\IntelliJ IDEA 2019.2.4\plugins\maven\lib\maven3\repository\jakarta\xml\bind\jakarta.xml.bind-api\2.3.2\jakarta.xml.bind-api-2.3.2.jar;D:\IDEA\IntelliJ IDEA 2019.2.4\plugins\maven\lib\maven3\repository\jakarta\activation\jakarta.activation-api\1.2.1\jakarta.activation-api-1.2.1.jar;D:\IDEA\IntelliJ IDEA 2019.2.4\plugins\maven\lib\maven3\repository\org\junit\jupiter\junit-jupiter\5.5.2\junit-jupiter-5.5.2.jar;D:\IDEA\IntelliJ IDEA 2019.2.4\plugins\maven\lib\maven3\repository\org\junit\jupiter\junit-jupiter-api\5.5.2\junit-jupiter-api-5.5.2.jar;D:\IDEA\IntelliJ IDEA 2019.2.4\plugins\maven\lib\maven3\repository\org\apiguardian\apiguardian-api\1.1.0\apiguardian-api-1.1.0.jar;D:\IDEA\IntelliJ IDEA 2019.2.4\plugins\maven\lib\maven3\repository\org\opentest4j\opentest4j\1.2.0\opentest4j-1.2.0.jar;D:\IDEA\IntelliJ IDEA 2019.2.4\plugins\maven\lib\maven3\repository\org\junit\platform\junit-platform-commons\1.5.2\junit-platform-commons-1.5.2.jar;D:\IDEA\IntelliJ IDEA 2019.2.4\plugins\maven\lib\maven3\repository\org\junit\jupiter\junit-jupiter-params\5.5.2\junit-jupiter-params-5.5.2.jar;D:\IDEA\IntelliJ IDEA 2019.2.4\plugins\maven\lib\maven3\repository\org\junit\jupiter\junit-jupiter-engine\5.5.2\junit-jupiter-engine-5.5.2.jar;D:\IDEA\IntelliJ IDEA 2019.2.4\plugins\maven\lib\maven3\repository\org\junit\platform\junit-platform-engine\1.5.2\junit-platform-engine-1.5.2.jar;D:\IDEA\IntelliJ IDEA 2019.2.4\plugins\maven\lib\maven3\repository\org\mockito\mockito-junit-jupiter\3.1.0\mockito-junit-jupiter-3.1.0.jar;D:\IDEA\IntelliJ IDEA 2019.2.4\plugins\maven\lib\maven3\repository\org\assertj\assertj-core\3.13.2\assertj-core-3.13.2.jar;D:\IDEA\IntelliJ IDEA 2019.2.4\plugins\maven\lib\maven3\repository\org\hamcrest\hamcrest\2.1\hamcrest-2.1.jar;D:\IDEA\IntelliJ IDEA 2019.2.4\plugins\maven\lib\maven3\repository\org\mockito\mockito-core\3.1.0\mockito-core-3.1.0.jar;D:\IDEA\IntelliJ IDEA 2019.2.4\plugins\maven\lib\maven3\repository\net\bytebuddy\byte-buddy\1.10.6\byte-buddy-1.10.6.jar;D:\IDEA\IntelliJ IDEA 2019.2.4\plugins\maven\lib\maven3\repository\net\bytebuddy\byte-buddy-agent\1.10.6\byte-buddy-agent-1.10.6.jar;D:\IDEA\IntelliJ IDEA 2019.2.4\plugins\maven\lib\maven3\repository\org\objenesis\objenesis\2.6\objenesis-2.6.jar;D:\IDEA\IntelliJ IDEA 2019.2.4\plugins\maven\lib\maven3\repository\org\skyscreamer\jsonassert\1.5.0\jsonassert-1.5.0.jar;D:\IDEA\IntelliJ IDEA 2019.2.4\plugins\maven\lib\maven3\repository\com\vaadin\external\google\android-json\0.0.20131108.vaadin1\android-json-0.0.20131108.vaadin1.jar;D:\IDEA\IntelliJ IDEA 2019.2.4\plugins\maven\lib\maven3\repository\org\springframework\spring-core\5.2.3.RELEASE\spring-core-5.2.3.RELEASE.jar;D:\IDEA\IntelliJ IDEA 2019.2.4\plugins\maven\lib\maven3\repository\org\springframework\spring-jcl\5.2.3.RELEASE\spring-jcl-5.2.3.RELEASE.jar;D:\IDEA\IntelliJ IDEA 2019.2.4\plugins\maven\lib\maven3\repository\org\springframework\spring-test\5.2.3.RELEASE\spring-test-5.2.3.RELEASE.jar;D:\IDEA\IntelliJ IDEA 2019.2.4\plugins\maven\lib\maven3\repository\org\xmlunit\xmlunit-core\2.6.3\xmlunit-core-2.6.3.jar;"/>
    <property name="java.vm.vendor" value="JetBrains s.r.o"/>
    <property name="sun.arch.data.model" value="64"/>
    <property name="user.variant" value=""/>
    <property name="java.vendor.url" value="https://www.jetbrains.com/"/>
    <property name="user.timezone" value="Asia/Shanghai"/>
    <property name="java.vm.specification.version" value="11"/>
    <property name="os.name" value="Windows 10"/>
    <property name="sun.java.launcher" value="SUN_STANDARD"/>
    <property name="user.country" value="CN"/>
    <property name="sun.boot.library.path" value="D:\IDEA\IntelliJ IDEA 2019.2.4\jbr\bin"/>
    <property name="sun.java.command" value="C:\Users\KingS\AppData\Local\Temp\surefire7625307568351957598\surefirebooter7871978533325722777.jar C:\Users\KingS\AppData\Local\Temp\surefire7625307568351957598 2020-01-29T15-26-05_235-jvmRun1 surefire13205848186562463936tmp surefire_08687034113481478464tmp"/>
    <property name="jdk.debug" value="release"/>
    <property name="surefire.test.class.path" value="D:\IDEA\workspace\officeInitialSpringBot\target\test-classes;D:\IDEA\workspace\officeInitialSpringBot\target\classes;D:\IDEA\IntelliJ IDEA 2019.2.4\plugins\maven\lib\maven3\repository\org\springframework\boot\spring-boot-starter-web\2.2.4.RELEASE\spring-boot-starter-web-2.2.4.RELEASE.jar;D:\IDEA\IntelliJ IDEA 2019.2.4\plugins\maven\lib\maven3\repository\org\springframework\boot\spring-boot-starter\2.2.4.RELEASE\spring-boot-starter-2.2.4.RELEASE.jar;D:\IDEA\IntelliJ IDEA 2019.2.4\plugins\maven\lib\maven3\repository\org\springframework\boot\spring-boot\2.2.4.RELEASE\spring-boot-2.2.4.RELEASE.jar;D:\IDEA\IntelliJ IDEA 2019.2.4\plugins\maven\lib\maven3\repository\org\springframework\boot\spring-boot-autoconfigure\2.2.4.RELEASE\spring-boot-autoconfigure-2.2.4.RELEASE.jar;D:\IDEA\IntelliJ IDEA 2019.2.4\plugins\maven\lib\maven3\repository\org\springframework\boot\spring-boot-starter-logging\2.2.4.RELEASE\spring-boot-starter-logging-2.2.4.RELEASE.jar;D:\IDEA\IntelliJ IDEA 2019.2.4\plugins\maven\lib\maven3\repository\ch\qos\logback\logback-classic\1.2.3\logback-classic-1.2.3.jar;D:\IDEA\IntelliJ IDEA 2019.2.4\plugins\maven\lib\maven3\repository\ch\qos\logback\logback-core\1.2.3\logback-core-1.2.3.jar;D:\IDEA\IntelliJ IDEA 2019.2.4\plugins\maven\lib\maven3\repository\org\apache\logging\log4j\log4j-to-slf4j\2.12.1\log4j-to-slf4j-2.12.1.jar;D:\IDEA\IntelliJ IDEA 2019.2.4\plugins\maven\lib\maven3\repository\org\apache\logging\log4j\log4j-api\2.12.1\log4j-api-2.12.1.jar;D:\IDEA\IntelliJ IDEA 2019.2.4\plugins\maven\lib\maven3\repository\org\slf4j\jul-to-slf4j\1.7.30\jul-to-slf4j-1.7.30.jar;D:\IDEA\IntelliJ IDEA 2019.2.4\plugins\maven\lib\maven3\repository\jakarta\annotation\jakarta.annotation-api\1.3.5\jakarta.annotation-api-1.3.5.jar;D:\IDEA\IntelliJ IDEA 2019.2.4\plugins\maven\lib\maven3\repository\org\yaml\snakeyaml\1.25\snakeyaml-1.25.jar;D:\IDEA\IntelliJ IDEA 2019.2.4\plugins\maven\lib\maven3\repository\org\springframework\boot\spring-boot-starter-json\2.2.4.RELEASE\spring-boot-starter-json-2.2.4.RELEASE.jar;D:\IDEA\IntelliJ IDEA 2019.2.4\plugins\maven\lib\maven3\repository\com\fasterxml\jackson\core\jackson-databind\2.10.2\jackson-databind-2.10.2.jar;D:\IDEA\IntelliJ IDEA 2019.2.4\plugins\maven\lib\maven3\repository\com\fasterxml\jackson\core\jackson-annotations\2.10.2\jackson-annotations-2.10.2.jar;D:\IDEA\IntelliJ IDEA 2019.2.4\plugins\maven\lib\maven3\repository\com\fasterxml\jackson\core\jackson-core\2.10.2\jackson-core-2.10.2.jar;D:\IDEA\IntelliJ IDEA 2019.2.4\plugins\maven\lib\maven3\repository\com\fasterxml\jackson\datatype\jackson-datatype-jdk8\2.10.2\jackson-datatype-jdk8-2.10.2.jar;D:\IDEA\IntelliJ IDEA 2019.2.4\plugins\maven\lib\maven3\repository\com\fasterxml\jackson\datatype\jackson-datatype-jsr310\2.10.2\jackson-datatype-jsr310-2.10.2.jar;D:\IDEA\IntelliJ IDEA 2019.2.4\plugins\maven\lib\maven3\repository\com\fasterxml\jackson\module\jackson-module-parameter-names\2.10.2\jackson-module-parameter-names-2.10.2.jar;D:\IDEA\IntelliJ IDEA 2019.2.4\plugins\maven\lib\maven3\repository\org\springframework\boot\spring-boot-starter-tomcat\2.2.4.RELEASE\spring-boot-starter-tomcat-2.2.4.RELEASE.jar;D:\IDEA\IntelliJ IDEA 2019.2.4\plugins\maven\lib\maven3\repository\org\apache\tomcat\embed\tomcat-embed-core\9.0.30\tomcat-embed-core-9.0.30.jar;D:\IDEA\IntelliJ IDEA 2019.2.4\plugins\maven\lib\maven3\repository\org\apache\tomcat\embed\tomcat-embed-el\9.0.30\tomcat-embed-el-9.0.30.jar;D:\IDEA\IntelliJ IDEA 2019.2.4\plugins\maven\lib\maven3\repository\org\apache\tomcat\embed\tomcat-embed-websocket\9.0.30\tomcat-embed-websocket-9.0.30.jar;D:\IDEA\IntelliJ IDEA 2019.2.4\plugins\maven\lib\maven3\repository\org\springframework\boot\spring-boot-starter-validation\2.2.4.RELEASE\spring-boot-starter-validation-2.2.4.RELEASE.jar;D:\IDEA\IntelliJ IDEA 2019.2.4\plugins\maven\lib\maven3\repository\jakarta\validation\jakarta.validation-api\2.0.2\jakarta.validation-api-2.0.2.jar;D:\IDEA\IntelliJ IDEA 2019.2.4\plugins\maven\lib\maven3\repository\org\hibernate\validator\hibernate-validator\6.0.18.Final\hibernate-validator-6.0.18.Final.jar;D:\IDEA\IntelliJ IDEA 2019.2.4\plugins\maven\lib\maven3\repository\org\jboss\logging\jboss-logging\3.4.1.Final\jboss-logging-3.4.1.Final.jar;D:\IDEA\IntelliJ IDEA 2019.2.4\plugins\maven\lib\maven3\repository\com\fasterxml\classmate\1.5.1\classmate-1.5.1.jar;D:\IDEA\IntelliJ IDEA 2019.2.4\plugins\maven\lib\maven3\repository\org\springframework\spring-web\5.2.3.RELEASE\spring-web-5.2.3.RELEASE.jar;D:\IDEA\IntelliJ IDEA 2019.2.4\plugins\maven\lib\maven3\repository\org\springframework\spring-beans\5.2.3.RELEASE\spring-beans-5.2.3.RELEASE.jar;D:\IDEA\IntelliJ IDEA 2019.2.4\plugins\maven\lib\maven3\repository\org\springframework\spring-webmvc\5.2.3.RELEASE\spring-webmvc-5.2.3.RELEASE.jar;D:\IDEA\IntelliJ IDEA 2019.2.4\plugins\maven\lib\maven3\repository\org\springframework\spring-aop\5.2.3.RELEASE\spring-aop-5.2.3.RELEASE.jar;D:\IDEA\IntelliJ IDEA 2019.2.4\plugins\maven\lib\maven3\repository\org\springframework\spring-context\5.2.3.RELEASE\spring-context-5.2.3.RELEASE.jar;D:\IDEA\IntelliJ IDEA 2019.2.4\plugins\maven\lib\maven3\repository\org\springframework\spring-expression\5.2.3.RELEASE\spring-expression-5.2.3.RELEASE.jar;D:\IDEA\IntelliJ IDEA 2019.2.4\plugins\maven\lib\maven3\repository\org\springframework\boot\spring-boot-starter-test\2.2.4.RELEASE\spring-boot-starter-test-2.2.4.RELEASE.jar;D:\IDEA\IntelliJ IDEA 2019.2.4\plugins\maven\lib\maven3\repository\org\springframework\boot\spring-boot-test\2.2.4.RELEASE\spring-boot-test-2.2.4.RELEASE.jar;D:\IDEA\IntelliJ IDEA 2019.2.4\plugins\maven\lib\maven3\repository\org\springframework\boot\spring-boot-test-autoconfigure\2.2.4.RELEASE\spring-boot-test-autoconfigure-2.2.4.RELEASE.jar;D:\IDEA\IntelliJ IDEA 2019.2.4\plugins\maven\lib\maven3\repository\com\jayway\jsonpath\json-path\2.4.0\json-path-2.4.0.jar;D:\IDEA\IntelliJ IDEA 2019.2.4\plugins\maven\lib\maven3\repository\net\minidev\json-smart\2.3\json-smart-2.3.jar;D:\IDEA\IntelliJ IDEA 2019.2.4\plugins\maven\lib\maven3\repository\net\minidev\accessors-smart\1.2\accessors-smart-1.2.jar;D:\IDEA\IntelliJ IDEA 2019.2.4\plugins\maven\lib\maven3\repository\org\ow2\asm\asm\5.0.4\asm-5.0.4.jar;D:\IDEA\IntelliJ IDEA 2019.2.4\plugins\maven\lib\maven3\repository\org\slf4j\slf4j-api\1.7.30\slf4j-api-1.7.30.jar;D:\IDEA\IntelliJ IDEA 2019.2.4\plugins\maven\lib\maven3\repository\jakarta\xml\bind\jakarta.xml.bind-api\2.3.2\jakarta.xml.bind-api-2.3.2.jar;D:\IDEA\IntelliJ IDEA 2019.2.4\plugins\maven\lib\maven3\repository\jakarta\activation\jakarta.activation-api\1.2.1\jakarta.activation-api-1.2.1.jar;D:\IDEA\IntelliJ IDEA 2019.2.4\plugins\maven\lib\maven3\repository\org\junit\jupiter\junit-jupiter\5.5.2\junit-jupiter-5.5.2.jar;D:\IDEA\IntelliJ IDEA 2019.2.4\plugins\maven\lib\maven3\repository\org\junit\jupiter\junit-jupiter-api\5.5.2\junit-jupiter-api-5.5.2.jar;D:\IDEA\IntelliJ IDEA 2019.2.4\plugins\maven\lib\maven3\repository\org\apiguardian\apiguardian-api\1.1.0\apiguardian-api-1.1.0.jar;D:\IDEA\IntelliJ IDEA 2019.2.4\plugins\maven\lib\maven3\repository\org\opentest4j\opentest4j\1.2.0\opentest4j-1.2.0.jar;D:\IDEA\IntelliJ IDEA 2019.2.4\plugins\maven\lib\maven3\repository\org\junit\platform\junit-platform-commons\1.5.2\junit-platform-commons-1.5.2.jar;D:\IDEA\IntelliJ IDEA 2019.2.4\plugins\maven\lib\maven3\repository\org\junit\jupiter\junit-jupiter-params\5.5.2\junit-jupiter-params-5.5.2.jar;D:\IDEA\IntelliJ IDEA 2019.2.4\plugins\maven\lib\maven3\repository\org\junit\jupiter\junit-jupiter-engine\5.5.2\junit-jupiter-engine-5.5.2.jar;D:\IDEA\IntelliJ IDEA 2019.2.4\plugins\maven\lib\maven3\repository\org\junit\platform\junit-platform-engine\1.5.2\junit-platform-engine-1.5.2.jar;D:\IDEA\IntelliJ IDEA 2019.2.4\plugins\maven\lib\maven3\repository\org\mockito\mockito-junit-jupiter\3.1.0\mockito-junit-jupiter-3.1.0.jar;D:\IDEA\IntelliJ IDEA 2019.2.4\plugins\maven\lib\maven3\repository\org\assertj\assertj-core\3.13.2\assertj-core-3.13.2.jar;D:\IDEA\IntelliJ IDEA 2019.2.4\plugins\maven\lib\maven3\repository\org\hamcrest\hamcrest\2.1\hamcrest-2.1.jar;D:\IDEA\IntelliJ IDEA 2019.2.4\plugins\maven\lib\maven3\repository\org\mockito\mockito-core\3.1.0\mockito-core-3.1.0.jar;D:\IDEA\IntelliJ IDEA 2019.2.4\plugins\maven\lib\maven3\repository\net\bytebuddy\byte-buddy\1.10.6\byte-buddy-1.10.6.jar;D:\IDEA\IntelliJ IDEA 2019.2.4\plugins\maven\lib\maven3\repository\net\bytebuddy\byte-buddy-agent\1.10.6\byte-buddy-agent-1.10.6.jar;D:\IDEA\IntelliJ IDEA 2019.2.4\plugins\maven\lib\maven3\repository\org\objenesis\objenesis\2.6\objenesis-2.6.jar;D:\IDEA\IntelliJ IDEA 2019.2.4\plugins\maven\lib\maven3\repository\org\skyscreamer\jsonassert\1.5.0\jsonassert-1.5.0.jar;D:\IDEA\IntelliJ IDEA 2019.2.4\plugins\maven\lib\maven3\repository\com\vaadin\external\google\android-json\0.0.20131108.vaadin1\android-json-0.0.20131108.vaadin1.jar;D:\IDEA\IntelliJ IDEA 2019.2.4\plugins\maven\lib\maven3\repository\org\springframework\spring-core\5.2.3.RELEASE\spring-core-5.2.3.RELEASE.jar;D:\IDEA\IntelliJ IDEA 2019.2.4\plugins\maven\lib\maven3\repository\org\springframework\spring-jcl\5.2.3.RELEASE\spring-jcl-5.2.3.RELEASE.jar;D:\IDEA\IntelliJ IDEA 2019.2.4\plugins\maven\lib\maven3\repository\org\springframework\spring-test\5.2.3.RELEASE\spring-test-5.2.3.RELEASE.jar;D:\IDEA\IntelliJ IDEA 2019.2.4\plugins\maven\lib\maven3\repository\org\xmlunit\xmlunit-core\2.6.3\xmlunit-core-2.6.3.jar;"/>
    <property name="sun.cpu.endian" value="little"/>
    <property name="user.home" value="C:\Users\KingS"/>
    <property name="user.language" value="zh"/>
    <property name="java.specification.vendor" value="Oracle Corporation"/>
    <property name="java.version.date" value="2019-07-16"/>
    <property name="java.home" value="D:\IDEA\IntelliJ IDEA 2019.2.4\jbr"/>
    <property name="file.separator" value="\"/>
    <property name="basedir" value="D:\IDEA\workspace\officeInitialSpringBot"/>
    <property name="java.vm.compressedOopsMode" value="32-bit"/>
    <property name="line.separator" value="&#10;"/>
    <property name="idea.version2019.2.4" value="true"/>
    <property name="java.specification.name" value="Java Platform API Specification"/>
    <property name="java.vm.specification.vendor" value="Oracle Corporation"/>
    <property name="java.awt.graphicsenv" value="sun.awt.Win32GraphicsEnvironment"/>
    <property name="surefire.real.class.path" value="C:\Users\KingS\AppData\Local\Temp\surefire7625307568351957598\surefirebooter7871978533325722777.jar"/>
    <property name="user.script" value=""/>
    <property name="sun.management.compiler" value="HotSpot 64-Bit Tiered Compilers"/>
    <property name="java.runtime.version" value="11.0.4+10-b304.77"/>
    <property name="user.name" value="KingS"/>
    <property name="path.separator" value=";"/>
    <property name="os.version" value="10.0"/>
    <property name="java.runtime.name" value="OpenJDK Runtime Environment"/>
    <property name="file.encoding" value="GBK"/>
    <property name="java.vm.name" value="OpenJDK 64-Bit Server VM"/>
    <property name="localRepository" value="D:\IDEA\IntelliJ IDEA 2019.2.4\plugins\maven\lib\maven3\repository"/>
    <property name="java.vendor.url.bug" value="https://youtrack.jetbrains.com"/>
    <property name="java.io.tmpdir" value="C:\Users\KingS\AppData\Local\Temp\"/>
    <property name="java.version" value="11.0.4"/>
    <property name="user.dir" value="D:\IDEA\workspace\officeInitialSpringBot"/>
    <property name="os.arch" value="amd64"/>
    <property name="java.vm.specification.name" value="Java Virtual Machine Specification"/>
    <property name="java.awt.printerjob" value="sun.awt.windows.WPrinterJob"/>
    <property name="sun.os.patch.level" value=""/>
    <property name="java.library.path" value="D:\IDEA\IntelliJ IDEA 2019.2.4\jbr\bin;C:\WINDOWS\Sun\Java\bin;C:\WINDOWS\system32;C:\WINDOWS;D:\ssh\;C:\WINDOWS\system32;C:\WINDOWS;C:\WINDOWS\System32\Wbem;C:\WINDOWS\System32\WindowsPowerShell\v1.0\;C:\WINDOWS\System32\OpenSSH\;D:\python3;D:\python3\Scripts;E:\jdk\bin;C:\Program Files (x86)\NVIDIA Corporation\PhysX\Common;C:\Program Files\NVIDIA Corporation\NVIDIA NvDLISR;%CATALINA_HOME%\lib;%CATALINA_HOME%\bin;C:\Users\KingS\AppData\Local\Microsoft\WindowsApps;;."/>
    <property name="java.vendor" value="JetBrains s.r.o"/>
    <property name="java.vm.info" value="mixed mode, sharing"/>
    <property name="java.vm.version" value="11.0.4+10-b304.77"/>
    <property name="sun.io.unicode.encoding" value="UnicodeLittle"/>
    <property name="java.class.version" value="55.0"/>
  </properties>
  <testcase name="contextLoads" classname="com.wq.officeInitialSpringBot.OfficeInitialSpringBotApplicationTests" time="0.298"/>
</testsuite>